[debug] [2022-03-01T18:00:14.491Z] ----------------------------------------------------------------------
[debug] [2022-03-01T18:00:14.492Z] Command:       C:\Program Files\nodejs\node.exe C:\Users\marib\AppData\Roaming\npm\node_modules\firebase-tools\lib\bin\firebase.js init
[debug] [2022-03-01T18:00:14.493Z] CLI Version:   10.2.1
[debug] [2022-03-01T18:00:14.493Z] Platform:      win32
[debug] [2022-03-01T18:00:14.493Z] Node Version:  v16.14.0
[debug] [2022-03-01T18:00:14.494Z] Time:          Tue Mar 01 2022 12:00:14 GMT-0600 (hora estándar central)
[debug] [2022-03-01T18:00:14.494Z] ----------------------------------------------------------------------
[debug] 
[debug] [2022-03-01T18:00:14.500Z] > command requires scopes: ["email","openid","https://www.googleapis.com/auth/cloudplatformprojects.readonly","https://www.googleapis.com/auth/firebase","https://www.googleapis.com/auth/cloud-platform"]
[debug] [2022-03-01T18:00:14.500Z] > authorizing via signed-in user (alexgoga120@gmail.com)
[info] 
     ######## #### ########  ######## ########     ###     ######  ########
     ##        ##  ##     ## ##       ##     ##  ##   ##  ##       ##
     ######    ##  ########  ######   ########  #########  ######  ######
     ##        ##  ##    ##  ##       ##     ## ##     ##       ## ##
     ##       #### ##     ## ######## ########  ##     ##  ######  ########

You're about to initialize a Firebase project in this directory:

  S:\Capacitacion\form-vue3

[info] 
=== Project Setup
[info] 
[info] First, let's associate this project directory with a Firebase project.
[info] You can create multiple project aliases by running firebase use --add, 
[info] but for now we'll just set up a default project.
[info] 
[debug] [2022-03-01T18:00:23.882Z] >>> [apiv2][query] GET https://firebase.googleapis.com/v1beta1/projects pageSize=100
[debug] [2022-03-01T18:00:24.233Z] <<< [apiv2][status] GET https://firebase.googleapis.com/v1beta1/projects 200
[debug] [2022-03-01T18:00:24.233Z] <<< [apiv2][body] GET https://firebase.googleapis.com/v1beta1/projects [omitted]
[info] i  Using project detalles-8f51f (Tareas) 
[info] 
=== Hosting Setup
[info] 
[info] Your public directory is the folder (relative to your project directory) that
[info] will contain Hosting assets to be uploaded with firebase deploy. If you
[info] have a build process for your assets, use your build's output directory.
[info] 
